


ARM Macro Assembler    Page 1 


    1 00000000         ;Write a program to add ten 32 bit numbers available in 
                       code memory and store 
    2 00000000         ;the result in data memory.
    3 00000000                 AREA             RESET,DATA,READONLY
    4 00000000                 EXPORT           __Vectors
    5 00000000         
    6 00000000         __Vectors
    7 00000000 10001000        DCD              0x10001000
    8 00000004 00000000        DCD              Reset_Handler
    9 00000008                 ALIGN
   10 00000008                 AREA             mycode,CODE,READONLY
   11 00000000                 ENTRY
   12 00000000                 EXPORT           Reset_Handler
   13 00000000         
   14 00000000         Reset_Handler
   15 00000000         ;Code
   16 00000000 4805            LDR              R0, =VALUE1 ;pointer to the fir
                                                            st value1
   17 00000002 6801            LDR              R1, [R0]    ;load the first val
                                                            ue into R1
   18 00000004 4805            LDR              R0, =VALUE2 ;pointer to the sec
                                                            ond value
   19 00000006 6803            LDR              R3, [R0]    ;load second number
                                                             into r3
   20 00000008 18CE            ADDS             R6, R1, R3  ;add two numbers an
                                                            d store the result 
                                                            in r6
   21 0000000A 4A05            LDR              R2, =RESULT
   22 0000000C 6016            STR              R6, [R2]
   23 0000000E         STOP
   24 0000000E E7FE            B                STOP
   25 00000010 12345678 
                       VALUE1  DCD              0X12345678  ; First 32 bit numb
                                                            er
   26 00000014 ABCDEF12 
                       VALUE2  DCD              0XABCDEF12  ; Second 32 bit num
                                                            ber 
   27 00000018         
   28 00000018 00000000 
              00000000 
              00000000         AREA             mydata,DATA,READWRITE
   29 00000000 00000000 
                       RESULT  DCD              0
   30 00000004                 END
Command Line: --debug --xref --cpu=Cortex-M3 --apcs=interwork --depend=.\sample
.d -o.\sample.o -IC:\Keil\ARM\RV31\INC -IC:\Keil\ARM\CMSIS\Include -IC:\Keil\AR
M\Inc\NXP\LPC17xx --predefine="__EVAL SETA 1" --list=.\sample.lst Week2\sample.
s



ARM Macro Assembler    Page 1 Alphabetic symbol ordering
Relocatable symbols

RESET 00000000

Symbol: RESET
   Definitions
      At line 3 in file Week2\sample.s
   Uses
      None
Comment: RESET unused
__Vectors 00000000

Symbol: __Vectors
   Definitions
      At line 6 in file Week2\sample.s
   Uses
      At line 4 in file Week2\sample.s
Comment: __Vectors used once
2 symbols



ARM Macro Assembler    Page 1 Alphabetic symbol ordering
Relocatable symbols

Reset_Handler 00000000

Symbol: Reset_Handler
   Definitions
      At line 14 in file Week2\sample.s
   Uses
      At line 8 in file Week2\sample.s
      At line 12 in file Week2\sample.s

STOP 0000000E

Symbol: STOP
   Definitions
      At line 23 in file Week2\sample.s
   Uses
      At line 24 in file Week2\sample.s
Comment: STOP used once
VALUE1 00000010

Symbol: VALUE1
   Definitions
      At line 25 in file Week2\sample.s
   Uses
      At line 16 in file Week2\sample.s
Comment: VALUE1 used once
VALUE2 00000014

Symbol: VALUE2
   Definitions
      At line 26 in file Week2\sample.s
   Uses
      At line 18 in file Week2\sample.s
Comment: VALUE2 used once
mycode 00000000

Symbol: mycode
   Definitions
      At line 10 in file Week2\sample.s
   Uses
      None
Comment: mycode unused
5 symbols



ARM Macro Assembler    Page 1 Alphabetic symbol ordering
Relocatable symbols

RESULT 00000000

Symbol: RESULT
   Definitions
      At line 29 in file Week2\sample.s
   Uses
      At line 21 in file Week2\sample.s
Comment: RESULT used once
mydata 00000000

Symbol: mydata
   Definitions
      At line 28 in file Week2\sample.s
   Uses
      None
Comment: mydata unused
2 symbols
342 symbols in table
